Looking at 0 0 15 after 0 0 0
Looking at 0 11 4 after 0 0 15
Looking at 0 11 0 after 0 11 4
Looking at 4 11 0 after 0 11 4
Looking at 4 11 0 after 4 11 0
Looking at 4 11 0 after 4 11 0
Looking at 4 0 11 after 4 11 0
Looking at 4 11 0 after 4 0 11
Looking at 5 0 6 after 4 0 11
Looking at 4 0 11 after 4 0 11
Looking at 4 0 11 after 4 0 11
Looking at 0 4 11 after 4 0 11
Looking at 0 11 0 after 0 4 11
Looking at 5 4 6 after 0 4 11
Looking at 5 10 0 after 5 4 6
Looking at 5 10 0 after 5 10 0
Looking at 5 10 0 after 5 10 0
Looking at 5 0 10 after 5 10 0
Looking at 5 10 0 after 5 0 10
Looking at 5 0 5 after 5 0 10
Looking at 5 0 10 after 5 0 10
Looking at 5 0 10 after 5 0 10
Looking at 0 5 10 after 5 0 10
Looking at 0 11 0 after 0 5 10
Looking at 5 5 5 after 0 5 10
Looking at 5 10 0 after 5 5 5
Looking at 5 5 0 after 5 5 5
Looking at 5 0 10 after 5 5 5
Looking at 5 0 5 after 5 5 5
Looking at 0 10 5 after 5 5 5
Looking at 0 11 0 after 0 10 5
Looking at 5 10 0 after 0 10 5
Looking at 0 0 15 after 0 10 5
Looking at 5 5 5 after 0 10 5
Looking at 0 10 5 after 0 10 5
Looking at 0 10 5 after 0 10 5
Looking at 0 5 10 after 5 5 5
Looking at 0 0 15 after 0 5 10
Looking at 5 0 10 after 0 5 10
Looking at 0 5 10 after 0 5 10
Looking at 0 5 10 after 0 5 10
Looking at 0 0 15 after 5 0 10
Looking at 5 5 0 after 5 10 0
Looking at 0 11 0 after 5 10 0
Looking at 0 10 5 after 5 10 0
Looking at 5 4 1 after 5 4 6
Looking at 5 0 10 after 5 4 6
Looking at 5 0 6 after 5 4 6
Looking at 0 9 6 after 5 4 6
Looking at 0 11 0 after 0 9 6
Looking at 5 9 1 after 0 9 6
Looking at 5 10 0 after 5 9 1
Looking at 5 9 0 after 5 9 1
Looking at 5 0 10 after 5 9 1
Looking at 5 4 1 after 5 9 1
Looking at 0 11 1 after 5 9 1
Looking at 0 9 6 after 5 9 1
Looking at 0 0 15 after 0 9 6
Looking at 5 4 6 after 0 9 6
Looking at 0 9 6 after 0 9 6
Looking at 0 9 6 after 0 9 6
Looking at 0 4 11 after 5 4 6
Looking at 0 0 15 after 0 4 11
Looking at 4 0 11 after 0 4 11
Looking at 0 4 11 after 0 4 11
Looking at 0 4 11 after 0 4 11
Looking at 0 0 15 after 4 0 11
Looking at 5 6 0 after 4 11 0
Looking at 0 11 0 after 4 11 0
Looking at 0 11 4 after 4 11 0
Looking at 0 0 15 after 0 11 4
Looking at 5 6 4 after 0 11 4
Looking at 5 10 0 after 5 6 4
Looking at 5 6 0 after 5 6 4
Looking at 5 0 10 after 5 6 4
Looking at 5 1 4 after 5 6 4
Looking at 0 11 4 after 5 6 4
Looking at 0 6 9 after 5 6 4
Looking at 0 11 0 after 0 6 9
Looking at 5 6 4 after 0 6 9
Looking at 0 0 15 after 0 6 9
Looking at 5 1 9 after 0 6 9
Looking at 5 10 0 after 5 1 9
Looking at 5 1 4 after 5 1 9
Looking at 5 0 10 after 5 1 9
Looking at 5 0 9 after 5 1 9
Looking at 0 6 9 after 5 1 9
Looking at 0 1 14 after 5 1 9
Looking at 0 11 3 after 0 1 14
Looking at 5 1 9 after 0 1 14
Looking at 0 0 15 after 0 1 14
Looking at 1 0 14 after 0 1 14
Looking at 1 11 3 after 1 0 14
Looking at 1 11 0 after 1 11 3
Looking at 4 11 0 after 1 11 3
Looking at 1 0 14 after 1 11 3
Looking at 5 6 3 after 1 11 3
Looking at 0 11 3 after 1 11 3
Looking at 0 11 4 after 1 11 3
Looking at 5 0 9 after 1 0 14
Looking at 1 0 14 after 1 0 14
Looking at 1 0 14 after 1 0 14
Looking at 0 1 14 after 1 0 14
Looking at 0 0 15 after 1 0 14
Looking at 0 1 14 after 0 1 14
Looking at 0 1 14 after 0 1 14
Looking at 0 6 9 after 0 6 9
Looking at 0 6 9 after 0 6 9
Looking at 0 11 4 after 0 11 4
Looking at 0 11 4 after 0 11 4
Looking at 5 0 10 after 0 0 15
Looking at 0 0 15 after 0 0 15
Looking at 0 0 15 after 0 0 15
Looking at 0 0 15 after 0 0 15
Looking at 0 0 15 after 0 0 15
4 5 6 9 10 11 14 15
